2022-12-28 10:26:05,676 - SQSQueueHandler - ERROR - Error getting queue (sdc-aws-s3watcher-queue)
2022-12-28 10:33:49,052 - SQSQueueHandler - ERROR - Error getting queue (sdc-aws-s3watcher-queue)
2022-12-28 10:33:54,814 - SQSQueueHandler - ERROR - Error getting queue (sdc-aws-s3watcher-queue)
2022-12-28 10:34:37,992 - SQSQueueHandler - INFO - Queue (sdc_aws_s3watcher_dbarrous-bucket_queue) found
2022-12-28 10:34:37,993 - SQSQueueHandler - INFO - S3Watcher initialized successfully
2022-12-28 10:35:13,587 - SQSQueueHandler - INFO - Queue (sdc_aws_s3watcher_dbarrous-bucket_queue) found
2022-12-28 10:35:13,587 - SQSQueueHandler - INFO - S3Watcher initialized successfully
2022-12-28 10:35:39,109 - SQSQueueHandler - INFO - Queue (sdc_aws_s3watcher_dbarrous-bucket_queue) found
2022-12-28 10:35:39,110 - SQSQueueHandler - INFO - S3Watcher initialized successfully
2022-12-28 10:36:25,734 - SQSQueueHandler - INFO - Queue (sdc_aws_s3watcher_dbarrous-bucket_queue) found
2022-12-28 10:36:25,734 - SQSQueueHandler - INFO - S3Watcher initialized successfully
2022-12-28 10:36:43,379 - SQSQueueHandler - INFO - Queue (sdc_aws_s3watcher_dbarrous-bucket_queue) found
2022-12-28 10:36:43,380 - SQSQueueHandler - INFO - S3Watcher initialized successfully
2022-12-28 10:36:58,976 - SQSQueueHandler - ERROR - Error getting queue (sdc_aws_s3watcher_dbarrous-bucket_queue)
2022-12-28 10:40:00,087 - SQSQueueHandler - INFO - Queue (sdc_aws_s3watcher_dbarrous-bucket_queue) found
2022-12-28 10:40:00,088 - SQSQueueHandler - INFO - S3Watcher initialized successfully
2022-12-28 10:40:18,603 - SQSQueueHandler - INFO - Queue (sdc_aws_s3watcher_dbarrous-bucket_queue) found
2022-12-28 10:40:18,604 - SQSQueueHandler - INFO - S3Watcher initialized successfully
2022-12-28 10:40:18,633 - SQSQueueHandler - ERROR - Error deleting message from queue (sdc_aws_s3watcher_dbarrous-bucket_queue): 'SQSHandlerEvent' object has no attribute 'get_receipt_handle'
2022-12-28 10:40:19,662 - SQSQueueHandler - ERROR - Error deleting message from queue (sdc_aws_s3watcher_dbarrous-bucket_queue): 'SQSHandlerEvent' object has no attribute 'get_receipt_handle'
2022-12-28 10:40:20,707 - SQSQueueHandler - ERROR - Error deleting message from queue (sdc_aws_s3watcher_dbarrous-bucket_queue): 'SQSHandlerEvent' object has no attribute 'get_receipt_handle'
2022-12-28 10:40:21,727 - SQSQueueHandler - ERROR - Error deleting message from queue (sdc_aws_s3watcher_dbarrous-bucket_queue): 'SQSHandlerEvent' object has no attribute 'get_receipt_handle'
2022-12-28 10:40:22,751 - SQSQueueHandler - ERROR - Error deleting message from queue (sdc_aws_s3watcher_dbarrous-bucket_queue): 'SQSHandlerEvent' object has no attribute 'get_receipt_handle'
2022-12-28 10:40:23,781 - SQSQueueHandler - ERROR - Error deleting message from queue (sdc_aws_s3watcher_dbarrous-bucket_queue): 'SQSHandlerEvent' object has no attribute 'get_receipt_handle'
2022-12-28 10:40:24,806 - SQSQueueHandler - ERROR - Error deleting message from queue (sdc_aws_s3watcher_dbarrous-bucket_queue): 'SQSHandlerEvent' object has no attribute 'get_receipt_handle'
2022-12-28 10:40:25,832 - SQSQueueHandler - ERROR - Error deleting message from queue (sdc_aws_s3watcher_dbarrous-bucket_queue): 'SQSHandlerEvent' object has no attribute 'get_receipt_handle'
2022-12-28 10:40:26,865 - SQSQueueHandler - ERROR - Error deleting message from queue (sdc_aws_s3watcher_dbarrous-bucket_queue): 'SQSHandlerEvent' object has no attribute 'get_receipt_handle'
2022-12-30 14:11:45,391 - SQSQueueHandler - INFO - Queue (sdc_aws_s3watcher_dbarrous-bucket_queue) found
2022-12-30 14:11:45,396 - SQSQueueHandler - INFO - S3Watcher initialized successfully
2022-12-30 14:13:10,044 - SQSQueueHandler - INFO - Queue (sdc_aws_s3watcher_dbarrous-bucket_queue) found
2022-12-30 14:13:10,044 - SQSQueueHandler - INFO - S3Watcher initialized successfully
2022-12-30 14:13:10,125 - SQSQueueHandler - INFO - Deleted message from queue (sdc_aws_s3watcher_dbarrous-bucket_queue)
2022-12-30 14:13:10,146 - SQSQueueHandler - INFO - Deleted message from queue (sdc_aws_s3watcher_dbarrous-bucket_queue)
2022-12-30 14:13:10,167 - SQSQueueHandler - INFO - Deleted message from queue (sdc_aws_s3watcher_dbarrous-bucket_queue)
2022-12-30 14:13:10,189 - SQSQueueHandler - INFO - Deleted message from queue (sdc_aws_s3watcher_dbarrous-bucket_queue)
2022-12-30 14:13:10,210 - SQSQueueHandler - INFO - Deleted message from queue (sdc_aws_s3watcher_dbarrous-bucket_queue)
2022-12-30 14:13:10,231 - SQSQueueHandler - INFO - Deleted message from queue (sdc_aws_s3watcher_dbarrous-bucket_queue)
2022-12-30 14:13:10,252 - SQSQueueHandler - INFO - Deleted message from queue (sdc_aws_s3watcher_dbarrous-bucket_queue)
2022-12-30 14:13:10,279 - SQSQueueHandler - INFO - Deleted message from queue (sdc_aws_s3watcher_dbarrous-bucket_queue)
2022-12-30 14:13:10,300 - SQSQueueHandler - INFO - Deleted message from queue (sdc_aws_s3watcher_dbarrous-bucket_queue)
2022-12-30 14:13:10,323 - SQSQueueHandler - INFO - Deleted message from queue (sdc_aws_s3watcher_dbarrous-bucket_queue)
2022-12-30 14:13:10,324 - SQSQueueHandler - INFO - Created directory (/home/dbarrous/dbarrous/sdc_aws_s3watcher/HelloCookieCutter1)
2022-12-30 14:13:10,325 - SQSQueueHandler - INFO - Created directory (/home/dbarrous/dbarrous/sdc_aws_s3watcher/HelloCookieCutter1/.git)
2022-12-30 14:13:10,325 - SQSQueueHandler - INFO - Created directory (/home/dbarrous/dbarrous/sdc_aws_s3watcher/HelloCookieCutter1/.git/refs)
2022-12-30 14:13:10,325 - SQSQueueHandler - INFO - Created directory (/home/dbarrous/dbarrous/sdc_aws_s3watcher/HelloCookieCutter1/.git/refs/remotes)
2022-12-30 14:13:10,325 - SQSQueueHandler - INFO - Created directory (/home/dbarrous/dbarrous/sdc_aws_s3watcher/HelloCookieCutter1/.git/refs/remotes/origin)
2022-12-30 14:13:10,330 - SQSQueueHandler - INFO - Downloaded file (HelloCookieCutter1/.git/refs/remotes/origin/main) from S3 bucket (dbarrous-bucket)
2022-12-30 14:13:10,330 - SQSQueueHandler - INFO - Created directory (/home/dbarrous/dbarrous/sdc_aws_s3watcher/HelloCookieCutter1/%7B%7Bcookiecutter.directory_name%7D%7D)
2022-12-30 14:13:10,332 - SQSQueueHandler - INFO - Downloaded file (HelloCookieCutter1/%7B%7Bcookiecutter.directory_name%7D%7D/%7B%7Bcookiecutter.file_name%7D%7D.py) from S3 bucket (dbarrous-bucket)
2022-12-30 14:13:10,334 - SQSQueueHandler - INFO - Downloaded file (HelloCookieCutter1/.git/COMMIT_EDITMSG) from S3 bucket (dbarrous-bucket)
2022-12-30 14:13:10,334 - SQSQueueHandler - INFO - Created directory (/home/dbarrous/dbarrous/sdc_aws_s3watcher/HelloCookieCutter1/.git/branches)
2022-12-30 14:13:10,335 - SQSQueueHandler - INFO - Downloaded file (HelloCookieCutter1/.git/branches/) from S3 bucket (dbarrous-bucket)
2022-12-30 14:13:11,136 - SQSQueueHandler - INFO - Deleted message from queue (sdc_aws_s3watcher_dbarrous-bucket_queue)
2022-12-30 14:13:11,160 - SQSQueueHandler - INFO - Deleted message from queue (sdc_aws_s3watcher_dbarrous-bucket_queue)
2022-12-30 14:13:11,183 - SQSQueueHandler - INFO - Deleted message from queue (sdc_aws_s3watcher_dbarrous-bucket_queue)
2022-12-30 14:13:11,206 - SQSQueueHandler - INFO - Deleted message from queue (sdc_aws_s3watcher_dbarrous-bucket_queue)
2022-12-30 14:13:11,228 - SQSQueueHandler - INFO - Deleted message from queue (sdc_aws_s3watcher_dbarrous-bucket_queue)
2022-12-30 14:13:11,250 - SQSQueueHandler - INFO - Deleted message from queue (sdc_aws_s3watcher_dbarrous-bucket_queue)
2022-12-30 14:13:11,277 - SQSQueueHandler - INFO - Deleted message from queue (sdc_aws_s3watcher_dbarrous-bucket_queue)
2022-12-30 14:13:11,299 - SQSQueueHandler - INFO - Deleted message from queue (sdc_aws_s3watcher_dbarrous-bucket_queue)
2022-12-30 14:13:11,320 - SQSQueueHandler - INFO - Deleted message from queue (sdc_aws_s3watcher_dbarrous-bucket_queue)
2022-12-30 14:13:11,343 - SQSQueueHandler - INFO - Deleted message from queue (sdc_aws_s3watcher_dbarrous-bucket_queue)
2022-12-30 14:13:11,344 - SQSQueueHandler - INFO - Created directory (/home/dbarrous/dbarrous/sdc_aws_s3watcher/HelloCookieCutter1/.git/objects)
2022-12-30 14:13:11,344 - SQSQueueHandler - INFO - Created directory (/home/dbarrous/dbarrous/sdc_aws_s3watcher/HelloCookieCutter1/.git/objects/b2)
2022-12-30 14:13:11,344 - SQSQueueHandler - INFO - Downloaded file (HelloCookieCutter1/.git/objects/b2/367ee9a6a4d520d7d65d9717d308a2119194f6) from S3 bucket (dbarrous-bucket)
2022-12-30 14:13:11,346 - SQSQueueHandler - INFO - Created directory (/home/dbarrous/dbarrous/sdc_aws_s3watcher/HelloCookieCutter1/.git/objects/95)
2022-12-30 14:13:11,346 - SQSQueueHandler - INFO - Downloaded file (HelloCookieCutter1/.git/objects/95/68571d7aa69e73756b3747c0956e13f496f0c0) from S3 bucket (dbarrous-bucket)
2022-12-30 14:13:11,347 - SQSQueueHandler - INFO - Created directory (/home/dbarrous/dbarrous/sdc_aws_s3watcher/HelloCookieCutter1/.git/objects/b6)
2022-12-30 14:13:11,348 - SQSQueueHandler - INFO - Downloaded file (HelloCookieCutter1/.git/objects/b6/07aef30bba60e570bddde06aadcbd9303fabb1) from S3 bucket (dbarrous-bucket)
2022-12-30 14:13:11,349 - SQSQueueHandler - INFO - Created directory (/home/dbarrous/dbarrous/sdc_aws_s3watcher/HelloCookieCutter1/.git/objects/4b)
2022-12-30 14:13:11,349 - SQSQueueHandler - INFO - Downloaded file (HelloCookieCutter1/.git/objects/4b/2da607a54a1a53127cd65fbdb95a4068e4dc72) from S3 bucket (dbarrous-bucket)
2022-12-30 14:13:12,129 - SQSQueueHandler - INFO - Deleted message from queue (sdc_aws_s3watcher_dbarrous-bucket_queue)
2022-12-30 14:13:12,157 - SQSQueueHandler - INFO - Deleted message from queue (sdc_aws_s3watcher_dbarrous-bucket_queue)
2022-12-30 14:13:12,178 - SQSQueueHandler - INFO - Deleted message from queue (sdc_aws_s3watcher_dbarrous-bucket_queue)
2022-12-30 14:13:12,199 - SQSQueueHandler - INFO - Deleted message from queue (sdc_aws_s3watcher_dbarrous-bucket_queue)
2022-12-30 14:13:12,221 - SQSQueueHandler - INFO - Deleted message from queue (sdc_aws_s3watcher_dbarrous-bucket_queue)
2022-12-30 14:13:12,243 - SQSQueueHandler - INFO - Deleted message from queue (sdc_aws_s3watcher_dbarrous-bucket_queue)
2022-12-30 14:13:12,264 - SQSQueueHandler - INFO - Deleted message from queue (sdc_aws_s3watcher_dbarrous-bucket_queue)
2022-12-30 14:13:12,290 - SQSQueueHandler - INFO - Deleted message from queue (sdc_aws_s3watcher_dbarrous-bucket_queue)
2022-12-30 14:13:12,311 - SQSQueueHandler - INFO - Deleted message from queue (sdc_aws_s3watcher_dbarrous-bucket_queue)
2022-12-30 14:13:12,332 - SQSQueueHandler - INFO - Deleted message from queue (sdc_aws_s3watcher_dbarrous-bucket_queue)
2022-12-30 14:13:12,332 - SQSQueueHandler - INFO - Created directory (/home/dbarrous/dbarrous/sdc_aws_s3watcher/HelloCookieCutter1/.git/refs/tags)
2022-12-30 14:13:12,333 - SQSQueueHandler - INFO - Downloaded file (HelloCookieCutter1/.git/refs/tags/) from S3 bucket (dbarrous-bucket)
2022-12-30 14:13:12,336 - SQSQueueHandler - INFO - Created directory (/home/dbarrous/dbarrous/sdc_aws_s3watcher/HelloCookieCutter1/.git/objects/info)
2022-12-30 14:13:12,336 - SQSQueueHandler - INFO - Downloaded file (HelloCookieCutter1/.git/objects/info/) from S3 bucket (dbarrous-bucket)
2022-12-30 14:13:12,338 - SQSQueueHandler - INFO - Created directory (/home/dbarrous/dbarrous/sdc_aws_s3watcher/HelloCookieCutter1/.git/hooks)
2022-12-30 14:13:12,338 - SQSQueueHandler - INFO - Downloaded file (HelloCookieCutter1/.git/hooks/prepare-commit-msg.sample) from S3 bucket (dbarrous-bucket)
2022-12-30 14:13:13,155 - SQSQueueHandler - INFO - Deleted message from queue (sdc_aws_s3watcher_dbarrous-bucket_queue)
2022-12-30 14:13:13,178 - SQSQueueHandler - INFO - Deleted message from queue (sdc_aws_s3watcher_dbarrous-bucket_queue)
2022-12-30 14:13:13,210 - SQSQueueHandler - INFO - Deleted message from queue (sdc_aws_s3watcher_dbarrous-bucket_queue)
2022-12-30 14:13:13,231 - SQSQueueHandler - INFO - Deleted message from queue (sdc_aws_s3watcher_dbarrous-bucket_queue)
2022-12-30 14:13:13,252 - SQSQueueHandler - INFO - Deleted message from queue (sdc_aws_s3watcher_dbarrous-bucket_queue)
2022-12-30 14:13:13,273 - SQSQueueHandler - INFO - Deleted message from queue (sdc_aws_s3watcher_dbarrous-bucket_queue)
2022-12-30 14:13:13,295 - SQSQueueHandler - INFO - Deleted message from queue (sdc_aws_s3watcher_dbarrous-bucket_queue)
2022-12-30 14:13:13,316 - SQSQueueHandler - INFO - Deleted message from queue (sdc_aws_s3watcher_dbarrous-bucket_queue)
2022-12-30 14:13:13,337 - SQSQueueHandler - INFO - Deleted message from queue (sdc_aws_s3watcher_dbarrous-bucket_queue)
2022-12-30 14:13:13,358 - SQSQueueHandler - INFO - Deleted message from queue (sdc_aws_s3watcher_dbarrous-bucket_queue)
2022-12-30 14:13:13,359 - SQSQueueHandler - INFO - Created directory (/home/dbarrous/dbarrous/sdc_aws_s3watcher/HelloCookieCutter1/.git/objects/e3)
2022-12-30 14:13:13,359 - SQSQueueHandler - INFO - Downloaded file (HelloCookieCutter1/.git/objects/e3/40fa0e996fa9de01dc35e72204b41aaa20d0ce) from S3 bucket (dbarrous-bucket)
2022-12-30 14:13:13,361 - SQSQueueHandler - INFO - Created directory (/home/dbarrous/dbarrous/sdc_aws_s3watcher/HelloCookieCutter1/.git/logs)
2022-12-30 14:13:13,361 - SQSQueueHandler - INFO - Created directory (/home/dbarrous/dbarrous/sdc_aws_s3watcher/HelloCookieCutter1/.git/logs/refs)
2022-12-30 14:13:13,361 - SQSQueueHandler - INFO - Created directory (/home/dbarrous/dbarrous/sdc_aws_s3watcher/HelloCookieCutter1/.git/logs/refs/remotes)
2022-12-30 14:13:13,361 - SQSQueueHandler - INFO - Created directory (/home/dbarrous/dbarrous/sdc_aws_s3watcher/HelloCookieCutter1/.git/logs/refs/remotes/origin)
2022-12-30 14:13:13,361 - SQSQueueHandler - INFO - Downloaded file (HelloCookieCutter1/.git/logs/refs/remotes/origin/main) from S3 bucket (dbarrous-bucket)
2022-12-30 14:13:13,363 - SQSQueueHandler - INFO - Downloaded file (HelloCookieCutter1/.git/FETCH_HEAD) from S3 bucket (dbarrous-bucket)
2022-12-30 14:13:13,365 - SQSQueueHandler - INFO - Downloaded file (HelloCookieCutter1/.git/hooks/pre-receive.sample) from S3 bucket (dbarrous-bucket)
2022-12-30 14:13:14,149 - SQSQueueHandler - INFO - Deleted message from queue (sdc_aws_s3watcher_dbarrous-bucket_queue)
2022-12-30 14:13:14,172 - SQSQueueHandler - INFO - Deleted message from queue (sdc_aws_s3watcher_dbarrous-bucket_queue)
2022-12-30 14:13:14,194 - SQSQueueHandler - INFO - Deleted message from queue (sdc_aws_s3watcher_dbarrous-bucket_queue)
2022-12-30 14:13:14,214 - SQSQueueHandler - INFO - Deleted message from queue (sdc_aws_s3watcher_dbarrous-bucket_queue)
2022-12-30 14:13:14,235 - SQSQueueHandler - INFO - Deleted message from queue (sdc_aws_s3watcher_dbarrous-bucket_queue)
2022-12-30 14:13:14,258 - SQSQueueHandler - INFO - Deleted message from queue (sdc_aws_s3watcher_dbarrous-bucket_queue)
2022-12-30 14:13:14,278 - SQSQueueHandler - INFO - Deleted message from queue (sdc_aws_s3watcher_dbarrous-bucket_queue)
2022-12-30 14:13:14,300 - SQSQueueHandler - INFO - Deleted message from queue (sdc_aws_s3watcher_dbarrous-bucket_queue)
2022-12-30 14:13:14,321 - SQSQueueHandler - INFO - Deleted message from queue (sdc_aws_s3watcher_dbarrous-bucket_queue)
2022-12-30 14:13:14,342 - SQSQueueHandler - INFO - Deleted message from queue (sdc_aws_s3watcher_dbarrous-bucket_queue)
2022-12-30 14:13:14,343 - SQSQueueHandler - INFO - Downloaded file (HelloCookieCutter1/.git/hooks/pre-rebase.sample) from S3 bucket (dbarrous-bucket)
2022-12-30 14:13:15,155 - SQSQueueHandler - INFO - Deleted message from queue (sdc_aws_s3watcher_dbarrous-bucket_queue)
2022-12-30 14:13:15,179 - SQSQueueHandler - INFO - Deleted message from queue (sdc_aws_s3watcher_dbarrous-bucket_queue)
2022-12-30 14:13:15,201 - SQSQueueHandler - INFO - Deleted message from queue (sdc_aws_s3watcher_dbarrous-bucket_queue)
2022-12-30 14:13:15,223 - SQSQueueHandler - INFO - Deleted message from queue (sdc_aws_s3watcher_dbarrous-bucket_queue)
2022-12-30 14:13:15,245 - SQSQueueHandler - INFO - Deleted message from queue (sdc_aws_s3watcher_dbarrous-bucket_queue)
2022-12-30 14:13:15,267 - SQSQueueHandler - INFO - Deleted message from queue (sdc_aws_s3watcher_dbarrous-bucket_queue)
2022-12-30 14:13:15,288 - SQSQueueHandler - INFO - Deleted message from queue (sdc_aws_s3watcher_dbarrous-bucket_queue)
2022-12-30 14:13:15,309 - SQSQueueHandler - INFO - Deleted message from queue (sdc_aws_s3watcher_dbarrous-bucket_queue)
2022-12-30 14:13:15,330 - SQSQueueHandler - INFO - Deleted message from queue (sdc_aws_s3watcher_dbarrous-bucket_queue)
2022-12-30 14:13:15,352 - SQSQueueHandler - INFO - Deleted message from queue (sdc_aws_s3watcher_dbarrous-bucket_queue)
2022-12-30 14:13:15,352 - SQSQueueHandler - INFO - Downloaded file (HelloCookieCutter1/.git/hooks/pre-commit.sample) from S3 bucket (dbarrous-bucket)
2022-12-30 14:13:15,354 - SQSQueueHandler - INFO - Created directory (/home/dbarrous/dbarrous/sdc_aws_s3watcher/HelloCookieCutter1/.git/objects/c2)
2022-12-30 14:13:15,354 - SQSQueueHandler - INFO - Downloaded file (HelloCookieCutter1/.git/objects/c2/1452c1d368f89e064b6619cb132f74578108dd) from S3 bucket (dbarrous-bucket)
2022-12-30 14:13:15,355 - SQSQueueHandler - INFO - Created directory (/home/dbarrous/dbarrous/sdc_aws_s3watcher/HelloCookieCutter1/.git/objects/dc)
2022-12-30 14:13:15,355 - SQSQueueHandler - INFO - Downloaded file (HelloCookieCutter1/.git/objects/dc/edbfb50c65ef5b24db41ea3b11749fc943d612) from S3 bucket (dbarrous-bucket)
2022-12-30 14:13:15,357 - SQSQueueHandler - INFO - Created directory (/home/dbarrous/dbarrous/sdc_aws_s3watcher/HelloCookieCutter1/.git/objects/54)
2022-12-30 14:13:15,357 - SQSQueueHandler - INFO - Downloaded file (HelloCookieCutter1/.git/objects/54/fdfb573fc36e4ca03beb735b59809c4e70febe) from S3 bucket (dbarrous-bucket)
2022-12-30 14:13:16,157 - SQSQueueHandler - INFO - Deleted message from queue (sdc_aws_s3watcher_dbarrous-bucket_queue)
2022-12-30 14:13:16,180 - SQSQueueHandler - INFO - Deleted message from queue (sdc_aws_s3watcher_dbarrous-bucket_queue)
2022-12-30 14:13:16,201 - SQSQueueHandler - INFO - Deleted message from queue (sdc_aws_s3watcher_dbarrous-bucket_queue)
2022-12-30 14:13:16,222 - SQSQueueHandler - INFO - Deleted message from queue (sdc_aws_s3watcher_dbarrous-bucket_queue)
2022-12-30 14:13:16,244 - SQSQueueHandler - INFO - Deleted message from queue (sdc_aws_s3watcher_dbarrous-bucket_queue)
2022-12-30 14:13:16,266 - SQSQueueHandler - INFO - Deleted message from queue (sdc_aws_s3watcher_dbarrous-bucket_queue)
2022-12-30 14:13:16,287 - SQSQueueHandler - INFO - Deleted message from queue (sdc_aws_s3watcher_dbarrous-bucket_queue)
2022-12-30 14:13:16,310 - SQSQueueHandler - INFO - Deleted message from queue (sdc_aws_s3watcher_dbarrous-bucket_queue)
2022-12-30 14:13:16,331 - SQSQueueHandler - INFO - Deleted message from queue (sdc_aws_s3watcher_dbarrous-bucket_queue)
2022-12-30 14:13:16,352 - SQSQueueHandler - INFO - Deleted message from queue (sdc_aws_s3watcher_dbarrous-bucket_queue)
2022-12-30 14:13:16,353 - SQSQueueHandler - INFO - Created directory (/home/dbarrous/dbarrous/sdc_aws_s3watcher/HelloCookieCutter1/.git/refs/heads)
2022-12-30 14:13:16,353 - SQSQueueHandler - INFO - Downloaded file (HelloCookieCutter1/.git/refs/heads/main) from S3 bucket (dbarrous-bucket)
2022-12-30 14:13:16,355 - SQSQueueHandler - INFO - Downloaded file (HelloCookieCutter1/.git/hooks/pre-push.sample) from S3 bucket (dbarrous-bucket)
2022-12-30 14:13:16,356 - SQSQueueHandler - INFO - Created directory (/home/dbarrous/dbarrous/sdc_aws_s3watcher/HelloCookieCutter1/.git/objects/f5)
2022-12-30 14:13:16,356 - SQSQueueHandler - INFO - Downloaded file (HelloCookieCutter1/.git/objects/f5/7338fa188fd8fbb948531a89b37eb4baf7b6c5) from S3 bucket (dbarrous-bucket)
2022-12-30 14:13:16,357 - SQSQueueHandler - INFO - Created directory (/home/dbarrous/dbarrous/sdc_aws_s3watcher/HelloCookieCutter1/.git/objects/pack)
2022-12-30 14:13:16,358 - SQSQueueHandler - INFO - Downloaded file (HelloCookieCutter1/.git/objects/pack/) from S3 bucket (dbarrous-bucket)
2022-12-30 14:13:17,165 - SQSQueueHandler - INFO - Deleted message from queue (sdc_aws_s3watcher_dbarrous-bucket_queue)
2022-12-30 14:13:17,369 - SQSQueueHandler - INFO - Deleted message from queue (sdc_aws_s3watcher_dbarrous-bucket_queue)
2022-12-30 14:13:17,394 - SQSQueueHandler - INFO - Deleted message from queue (sdc_aws_s3watcher_dbarrous-bucket_queue)
2022-12-30 14:13:17,417 - SQSQueueHandler - INFO - Deleted message from queue (sdc_aws_s3watcher_dbarrous-bucket_queue)
2022-12-30 14:13:17,438 - SQSQueueHandler - INFO - Deleted message from queue (sdc_aws_s3watcher_dbarrous-bucket_queue)
2022-12-30 14:13:17,457 - SQSQueueHandler - INFO - Deleted message from queue (sdc_aws_s3watcher_dbarrous-bucket_queue)
2022-12-30 14:13:17,483 - SQSQueueHandler - INFO - Deleted message from queue (sdc_aws_s3watcher_dbarrous-bucket_queue)
2022-12-30 14:13:17,502 - SQSQueueHandler - INFO - Deleted message from queue (sdc_aws_s3watcher_dbarrous-bucket_queue)
2022-12-30 14:13:17,522 - SQSQueueHandler - INFO - Deleted message from queue (sdc_aws_s3watcher_dbarrous-bucket_queue)
2022-12-30 14:13:18,166 - SQSQueueHandler - INFO - Deleted message from queue (sdc_aws_s3watcher_dbarrous-bucket_queue)
2022-12-30 14:13:18,188 - SQSQueueHandler - INFO - Deleted message from queue (sdc_aws_s3watcher_dbarrous-bucket_queue)
2022-12-30 14:13:18,207 - SQSQueueHandler - INFO - Deleted message from queue (sdc_aws_s3watcher_dbarrous-bucket_queue)
2022-12-30 14:13:18,227 - SQSQueueHandler - INFO - Deleted message from queue (sdc_aws_s3watcher_dbarrous-bucket_queue)
2022-12-30 14:13:18,253 - SQSQueueHandler - INFO - Deleted message from queue (sdc_aws_s3watcher_dbarrous-bucket_queue)
2022-12-30 14:13:18,272 - SQSQueueHandler - INFO - Deleted message from queue (sdc_aws_s3watcher_dbarrous-bucket_queue)
2022-12-30 14:13:18,293 - SQSQueueHandler - INFO - Deleted message from queue (sdc_aws_s3watcher_dbarrous-bucket_queue)
2022-12-30 14:13:18,317 - SQSQueueHandler - INFO - Deleted message from queue (sdc_aws_s3watcher_dbarrous-bucket_queue)
2022-12-30 14:13:18,426 - SQSQueueHandler - INFO - Deleted message from queue (sdc_aws_s3watcher_dbarrous-bucket_queue)
2022-12-30 14:13:19,173 - SQSQueueHandler - INFO - Deleted message from queue (sdc_aws_s3watcher_dbarrous-bucket_queue)
2022-12-30 14:13:19,202 - SQSQueueHandler - INFO - Deleted message from queue (sdc_aws_s3watcher_dbarrous-bucket_queue)
2022-12-30 14:13:19,224 - SQSQueueHandler - INFO - Deleted message from queue (sdc_aws_s3watcher_dbarrous-bucket_queue)
2022-12-30 14:13:19,247 - SQSQueueHandler - INFO - Deleted message from queue (sdc_aws_s3watcher_dbarrous-bucket_queue)
2022-12-30 14:13:19,270 - SQSQueueHandler - INFO - Deleted message from queue (sdc_aws_s3watcher_dbarrous-bucket_queue)
2022-12-30 14:13:19,291 - SQSQueueHandler - INFO - Deleted message from queue (sdc_aws_s3watcher_dbarrous-bucket_queue)
2022-12-30 14:13:19,310 - SQSQueueHandler - INFO - Deleted message from queue (sdc_aws_s3watcher_dbarrous-bucket_queue)
2022-12-30 14:13:19,330 - SQSQueueHandler - INFO - Deleted message from queue (sdc_aws_s3watcher_dbarrous-bucket_queue)
2022-12-30 14:13:19,355 - SQSQueueHandler - INFO - Deleted message from queue (sdc_aws_s3watcher_dbarrous-bucket_queue)
2022-12-30 14:13:19,379 - SQSQueueHandler - INFO - Deleted message from queue (sdc_aws_s3watcher_dbarrous-bucket_queue)
2022-12-30 14:13:20,180 - SQSQueueHandler - INFO - Deleted message from queue (sdc_aws_s3watcher_dbarrous-bucket_queue)
2022-12-30 14:13:20,204 - SQSQueueHandler - INFO - Deleted message from queue (sdc_aws_s3watcher_dbarrous-bucket_queue)
2022-12-30 14:13:20,225 - SQSQueueHandler - INFO - Deleted message from queue (sdc_aws_s3watcher_dbarrous-bucket_queue)
2022-12-30 14:13:20,246 - SQSQueueHandler - INFO - Deleted message from queue (sdc_aws_s3watcher_dbarrous-bucket_queue)
2022-12-30 14:13:20,266 - SQSQueueHandler - INFO - Deleted message from queue (sdc_aws_s3watcher_dbarrous-bucket_queue)
2022-12-30 14:13:20,287 - SQSQueueHandler - INFO - Deleted message from queue (sdc_aws_s3watcher_dbarrous-bucket_queue)
2022-12-30 14:13:20,307 - SQSQueueHandler - INFO - Deleted message from queue (sdc_aws_s3watcher_dbarrous-bucket_queue)
2022-12-30 14:13:20,328 - SQSQueueHandler - INFO - Deleted message from queue (sdc_aws_s3watcher_dbarrous-bucket_queue)
2022-12-30 14:13:20,349 - SQSQueueHandler - INFO - Deleted message from queue (sdc_aws_s3watcher_dbarrous-bucket_queue)
2022-12-30 14:13:20,369 - SQSQueueHandler - INFO - Deleted message from queue (sdc_aws_s3watcher_dbarrous-bucket_queue)
2022-12-30 14:13:20,370 - SQSQueueHandler - INFO - Created directory (/home/dbarrous/dbarrous/sdc_aws_s3watcher/HelloCookieCutter1/.git/objects/0c)
2022-12-30 14:13:20,370 - SQSQueueHandler - INFO - Downloaded file (HelloCookieCutter1/.git/objects/0c/f24e6b35a206304e1da7c161b999531cc033ae) from S3 bucket (dbarrous-bucket)
2022-12-30 14:13:20,371 - SQSQueueHandler - INFO - Created directory (/home/dbarrous/dbarrous/sdc_aws_s3watcher/HelloCookieCutter1/.git/objects/fe)
2022-12-30 14:13:20,372 - SQSQueueHandler - INFO - Downloaded file (HelloCookieCutter1/.git/objects/fe/647269b55878c5ed868753ddd208d21f9538f9) from S3 bucket (dbarrous-bucket)
2022-12-30 14:13:20,373 - SQSQueueHandler - INFO - Downloaded file (HelloCookieCutter1/try.py) from S3 bucket (dbarrous-bucket)
2022-12-30 14:13:20,374 - SQSQueueHandler - INFO - Created directory (/home/dbarrous/dbarrous/sdc_aws_s3watcher/HelloCookieCutter1/.git/info)
2022-12-30 14:13:20,375 - SQSQueueHandler - INFO - Downloaded file (HelloCookieCutter1/.git/info/exclude) from S3 bucket (dbarrous-bucket)
2022-12-30 14:13:21,180 - SQSQueueHandler - INFO - Deleted message from queue (sdc_aws_s3watcher_dbarrous-bucket_queue)
2022-12-30 14:13:21,199 - SQSQueueHandler - INFO - Deleted message from queue (sdc_aws_s3watcher_dbarrous-bucket_queue)
2022-12-30 14:13:21,219 - SQSQueueHandler - INFO - Deleted message from queue (sdc_aws_s3watcher_dbarrous-bucket_queue)
2022-12-30 14:13:21,238 - SQSQueueHandler - INFO - Deleted message from queue (sdc_aws_s3watcher_dbarrous-bucket_queue)
2022-12-30 14:13:21,258 - SQSQueueHandler - INFO - Deleted message from queue (sdc_aws_s3watcher_dbarrous-bucket_queue)
2022-12-30 14:13:21,277 - SQSQueueHandler - INFO - Deleted message from queue (sdc_aws_s3watcher_dbarrous-bucket_queue)
2022-12-30 14:13:21,297 - SQSQueueHandler - INFO - Deleted message from queue (sdc_aws_s3watcher_dbarrous-bucket_queue)
2022-12-30 14:13:21,316 - SQSQueueHandler - INFO - Deleted message from queue (sdc_aws_s3watcher_dbarrous-bucket_queue)
2022-12-30 14:13:21,336 - SQSQueueHandler - INFO - Deleted message from queue (sdc_aws_s3watcher_dbarrous-bucket_queue)
2022-12-30 14:13:21,365 - SQSQueueHandler - INFO - Deleted message from queue (sdc_aws_s3watcher_dbarrous-bucket_queue)
2022-12-30 14:13:21,365 - SQSQueueHandler - INFO - Created directory (/home/dbarrous/dbarrous/sdc_aws_s3watcher/HelloCookieCutter1/.git/objects/4d)
2022-12-30 14:13:21,366 - SQSQueueHandler - INFO - Downloaded file (HelloCookieCutter1/.git/objects/4d/437b1d1d65c976580618f32fcfe080f14a2dde) from S3 bucket (dbarrous-bucket)
2022-12-30 14:13:21,367 - SQSQueueHandler - INFO - Downloaded file (HelloCookieCutter1/cookiecutter.json) from S3 bucket (dbarrous-bucket)
2022-12-30 14:13:21,369 - SQSQueueHandler - INFO - Downloaded file (HelloCookieCutter1/.git/HEAD) from S3 bucket (dbarrous-bucket)
2022-12-30 14:13:21,370 - SQSQueueHandler - INFO - Downloaded file (HelloCookieCutter1/.git/description) from S3 bucket (dbarrous-bucket)
2022-12-30 14:13:22,176 - SQSQueueHandler - INFO - Deleted message from queue (sdc_aws_s3watcher_dbarrous-bucket_queue)
2022-12-30 14:13:22,196 - SQSQueueHandler - INFO - Deleted message from queue (sdc_aws_s3watcher_dbarrous-bucket_queue)
2022-12-30 14:13:22,216 - SQSQueueHandler - INFO - Deleted message from queue (sdc_aws_s3watcher_dbarrous-bucket_queue)
2022-12-30 14:13:22,235 - SQSQueueHandler - INFO - Deleted message from queue (sdc_aws_s3watcher_dbarrous-bucket_queue)
2022-12-30 14:13:22,255 - SQSQueueHandler - INFO - Deleted message from queue (sdc_aws_s3watcher_dbarrous-bucket_queue)
2022-12-30 14:13:22,279 - SQSQueueHandler - INFO - Deleted message from queue (sdc_aws_s3watcher_dbarrous-bucket_queue)
2022-12-30 14:13:22,298 - SQSQueueHandler - INFO - Deleted message from queue (sdc_aws_s3watcher_dbarrous-bucket_queue)
2022-12-30 14:13:22,317 - SQSQueueHandler - INFO - Deleted message from queue (sdc_aws_s3watcher_dbarrous-bucket_queue)
2022-12-30 14:13:22,335 - SQSQueueHandler - INFO - Deleted message from queue (sdc_aws_s3watcher_dbarrous-bucket_queue)
2022-12-30 14:13:23,183 - SQSQueueHandler - INFO - Deleted message from queue (sdc_aws_s3watcher_dbarrous-bucket_queue)
2022-12-30 14:13:23,202 - SQSQueueHandler - INFO - Deleted message from queue (sdc_aws_s3watcher_dbarrous-bucket_queue)
2022-12-30 14:13:23,223 - SQSQueueHandler - INFO - Deleted message from queue (sdc_aws_s3watcher_dbarrous-bucket_queue)
2022-12-30 14:13:23,247 - SQSQueueHandler - INFO - Deleted message from queue (sdc_aws_s3watcher_dbarrous-bucket_queue)
2022-12-30 14:13:23,271 - SQSQueueHandler - INFO - Deleted message from queue (sdc_aws_s3watcher_dbarrous-bucket_queue)
2022-12-30 14:13:23,294 - SQSQueueHandler - INFO - Deleted message from queue (sdc_aws_s3watcher_dbarrous-bucket_queue)
2022-12-30 14:13:23,317 - SQSQueueHandler - INFO - Deleted message from queue (sdc_aws_s3watcher_dbarrous-bucket_queue)
2022-12-30 14:13:23,341 - SQSQueueHandler - INFO - Deleted message from queue (sdc_aws_s3watcher_dbarrous-bucket_queue)
2022-12-30 14:13:23,365 - SQSQueueHandler - INFO - Deleted message from queue (sdc_aws_s3watcher_dbarrous-bucket_queue)
2022-12-30 14:13:23,393 - SQSQueueHandler - INFO - Deleted message from queue (sdc_aws_s3watcher_dbarrous-bucket_queue)
2022-12-30 14:13:23,394 - SQSQueueHandler - INFO - Downloaded file (HelloCookieCutter1/.git/logs/HEAD) from S3 bucket (dbarrous-bucket)
2022-12-30 14:13:23,400 - SQSQueueHandler - INFO - Downloaded file (HelloCookieCutter1/.git/hooks/commit-msg.sample) from S3 bucket (dbarrous-bucket)
2022-12-30 14:13:23,406 - SQSQueueHandler - INFO - Downloaded file (HelloCookieCutter1/.git/hooks/post-update.sample) from S3 bucket (dbarrous-bucket)
2022-12-30 14:13:23,411 - SQSQueueHandler - INFO - Downloaded file (HelloCookieCutter1/.git/hooks/update.sample) from S3 bucket (dbarrous-bucket)
2022-12-30 14:13:24,196 - SQSQueueHandler - INFO - Deleted message from queue (sdc_aws_s3watcher_dbarrous-bucket_queue)
2022-12-30 14:13:24,219 - SQSQueueHandler - INFO - Deleted message from queue (sdc_aws_s3watcher_dbarrous-bucket_queue)
2022-12-30 14:13:24,330 - SQSQueueHandler - INFO - Deleted message from queue (sdc_aws_s3watcher_dbarrous-bucket_queue)
2022-12-30 14:13:24,356 - SQSQueueHandler - INFO - Deleted message from queue (sdc_aws_s3watcher_dbarrous-bucket_queue)
2022-12-30 14:13:24,380 - SQSQueueHandler - INFO - Deleted message from queue (sdc_aws_s3watcher_dbarrous-bucket_queue)
2022-12-30 14:13:24,404 - SQSQueueHandler - INFO - Deleted message from queue (sdc_aws_s3watcher_dbarrous-bucket_queue)
2022-12-30 14:13:24,429 - SQSQueueHandler - INFO - Deleted message from queue (sdc_aws_s3watcher_dbarrous-bucket_queue)
2022-12-30 14:13:24,561 - SQSQueueHandler - INFO - Deleted message from queue (sdc_aws_s3watcher_dbarrous-bucket_queue)
2022-12-30 14:13:24,587 - SQSQueueHandler - INFO - Deleted message from queue (sdc_aws_s3watcher_dbarrous-bucket_queue)
2022-12-30 14:13:24,609 - SQSQueueHandler - INFO - Deleted message from queue (sdc_aws_s3watcher_dbarrous-bucket_queue)
2022-12-30 14:13:24,610 - SQSQueueHandler - INFO - Downloaded file (HelloCookieCutter1/.git/hooks/fsmonitor-watchman.sample) from S3 bucket (dbarrous-bucket)
2022-12-30 14:13:24,612 - SQSQueueHandler - INFO - Downloaded file (HelloCookieCutter1/.git/hooks/applypatch-msg.sample) from S3 bucket (dbarrous-bucket)
2022-12-30 14:13:24,613 - SQSQueueHandler - INFO - Downloaded file (HelloCookieCutter1/.git/hooks/pre-applypatch.sample) from S3 bucket (dbarrous-bucket)
2022-12-30 14:13:25,215 - SQSQueueHandler - INFO - Deleted message from queue (sdc_aws_s3watcher_dbarrous-bucket_queue)
2022-12-30 14:13:25,239 - SQSQueueHandler - INFO - Deleted message from queue (sdc_aws_s3watcher_dbarrous-bucket_queue)
2022-12-30 14:13:25,260 - SQSQueueHandler - INFO - Deleted message from queue (sdc_aws_s3watcher_dbarrous-bucket_queue)
2022-12-30 14:13:25,281 - SQSQueueHandler - INFO - Deleted message from queue (sdc_aws_s3watcher_dbarrous-bucket_queue)
2022-12-30 14:13:25,302 - SQSQueueHandler - INFO - Deleted message from queue (sdc_aws_s3watcher_dbarrous-bucket_queue)
2022-12-30 14:13:25,326 - SQSQueueHandler - INFO - Deleted message from queue (sdc_aws_s3watcher_dbarrous-bucket_queue)
2022-12-30 14:13:25,347 - SQSQueueHandler - INFO - Deleted message from queue (sdc_aws_s3watcher_dbarrous-bucket_queue)
2022-12-30 14:13:25,369 - SQSQueueHandler - INFO - Deleted message from queue (sdc_aws_s3watcher_dbarrous-bucket_queue)
2022-12-30 14:13:25,390 - SQSQueueHandler - INFO - Deleted message from queue (sdc_aws_s3watcher_dbarrous-bucket_queue)
2022-12-30 14:13:25,411 - SQSQueueHandler - INFO - Deleted message from queue (sdc_aws_s3watcher_dbarrous-bucket_queue)
2022-12-30 14:13:26,215 - SQSQueueHandler - INFO - Deleted message from queue (sdc_aws_s3watcher_dbarrous-bucket_queue)
2022-12-30 14:13:26,239 - SQSQueueHandler - INFO - Deleted message from queue (sdc_aws_s3watcher_dbarrous-bucket_queue)
2022-12-30 14:13:26,263 - SQSQueueHandler - INFO - Deleted message from queue (sdc_aws_s3watcher_dbarrous-bucket_queue)
2022-12-30 14:13:26,287 - SQSQueueHandler - INFO - Deleted message from queue (sdc_aws_s3watcher_dbarrous-bucket_queue)
2022-12-30 14:13:26,313 - SQSQueueHandler - INFO - Deleted message from queue (sdc_aws_s3watcher_dbarrous-bucket_queue)
2022-12-30 14:13:26,346 - SQSQueueHandler - INFO - Deleted message from queue (sdc_aws_s3watcher_dbarrous-bucket_queue)
2022-12-30 14:13:26,373 - SQSQueueHandler - INFO - Deleted message from queue (sdc_aws_s3watcher_dbarrous-bucket_queue)
2022-12-30 14:13:26,401 - SQSQueueHandler - INFO - Deleted message from queue (sdc_aws_s3watcher_dbarrous-bucket_queue)
2022-12-30 14:13:26,427 - SQSQueueHandler - INFO - Deleted message from queue (sdc_aws_s3watcher_dbarrous-bucket_queue)
2022-12-30 14:13:26,454 - SQSQueueHandler - INFO - Deleted message from queue (sdc_aws_s3watcher_dbarrous-bucket_queue)
2022-12-30 14:13:27,218 - SQSQueueHandler - INFO - Deleted message from queue (sdc_aws_s3watcher_dbarrous-bucket_queue)
2022-12-30 14:13:27,243 - SQSQueueHandler - INFO - Deleted message from queue (sdc_aws_s3watcher_dbarrous-bucket_queue)
2022-12-30 14:13:27,268 - SQSQueueHandler - INFO - Deleted message from queue (sdc_aws_s3watcher_dbarrous-bucket_queue)
2022-12-30 14:13:27,293 - SQSQueueHandler - INFO - Deleted message from queue (sdc_aws_s3watcher_dbarrous-bucket_queue)
2022-12-30 14:13:27,318 - SQSQueueHandler - INFO - Deleted message from queue (sdc_aws_s3watcher_dbarrous-bucket_queue)
2022-12-30 14:13:27,341 - SQSQueueHandler - INFO - Deleted message from queue (sdc_aws_s3watcher_dbarrous-bucket_queue)
2022-12-30 14:13:27,366 - SQSQueueHandler - INFO - Deleted message from queue (sdc_aws_s3watcher_dbarrous-bucket_queue)
2022-12-30 14:13:27,389 - SQSQueueHandler - INFO - Deleted message from queue (sdc_aws_s3watcher_dbarrous-bucket_queue)
2022-12-30 14:13:27,414 - SQSQueueHandler - INFO - Deleted message from queue (sdc_aws_s3watcher_dbarrous-bucket_queue)
2022-12-30 14:13:27,439 - SQSQueueHandler - INFO - Deleted message from queue (sdc_aws_s3watcher_dbarrous-bucket_queue)
2022-12-30 14:13:27,440 - SQSQueueHandler - INFO - Created directory (/home/dbarrous/dbarrous/sdc_aws_s3watcher/HelloCookieCutter1/.git/objects/49)
2022-12-30 14:13:27,441 - SQSQueueHandler - INFO - Downloaded file (HelloCookieCutter1/.git/objects/49/9ec1a3542cf877d3054fbd08436569b6883401) from S3 bucket (dbarrous-bucket)
2022-12-30 14:13:27,446 - SQSQueueHandler - INFO - Created directory (/home/dbarrous/dbarrous/sdc_aws_s3watcher/HelloCookieCutter1/.git/objects/0b)
2022-12-30 14:13:27,447 - SQSQueueHandler - INFO - Downloaded file (HelloCookieCutter1/.git/objects/0b/439ae4bb3f2ca579c94b4520ee24264217d457) from S3 bucket (dbarrous-bucket)
2022-12-30 14:13:27,453 - SQSQueueHandler - INFO - Created directory (/home/dbarrous/dbarrous/sdc_aws_s3watcher/HelloCookieCutter1/.git/objects/05)
2022-12-30 14:13:27,454 - SQSQueueHandler - INFO - Downloaded file (HelloCookieCutter1/.git/objects/05/18bb0bdaeb767e99a93ec32808207ffbd30f66) from S3 bucket (dbarrous-bucket)
2022-12-30 14:13:27,461 - SQSQueueHandler - INFO - Created directory (/home/dbarrous/dbarrous/sdc_aws_s3watcher/HelloCookieCutter1/.git/logs/refs/heads)
2022-12-30 14:13:27,462 - SQSQueueHandler - INFO - Downloaded file (HelloCookieCutter1/.git/logs/refs/heads/main) from S3 bucket (dbarrous-bucket)
2022-12-30 14:13:28,213 - SQSQueueHandler - INFO - Deleted message from queue (sdc_aws_s3watcher_dbarrous-bucket_queue)
2022-12-30 14:13:28,237 - SQSQueueHandler - INFO - Deleted message from queue (sdc_aws_s3watcher_dbarrous-bucket_queue)
2022-12-30 14:13:28,259 - SQSQueueHandler - INFO - Deleted message from queue (sdc_aws_s3watcher_dbarrous-bucket_queue)
2022-12-30 14:13:28,280 - SQSQueueHandler - INFO - Deleted message from queue (sdc_aws_s3watcher_dbarrous-bucket_queue)
2022-12-30 14:13:28,302 - SQSQueueHandler - INFO - Deleted message from queue (sdc_aws_s3watcher_dbarrous-bucket_queue)
2022-12-30 14:13:28,329 - SQSQueueHandler - INFO - Deleted message from queue (sdc_aws_s3watcher_dbarrous-bucket_queue)
2022-12-30 14:13:28,351 - SQSQueueHandler - INFO - Deleted message from queue (sdc_aws_s3watcher_dbarrous-bucket_queue)
2022-12-30 14:13:28,374 - SQSQueueHandler - INFO - Deleted message from queue (sdc_aws_s3watcher_dbarrous-bucket_queue)
2022-12-30 14:13:28,396 - SQSQueueHandler - INFO - Deleted message from queue (sdc_aws_s3watcher_dbarrous-bucket_queue)
2022-12-30 14:13:28,418 - SQSQueueHandler - INFO - Deleted message from queue (sdc_aws_s3watcher_dbarrous-bucket_queue)
2022-12-30 14:13:29,214 - SQSQueueHandler - INFO - Deleted message from queue (sdc_aws_s3watcher_dbarrous-bucket_queue)
2022-12-30 14:13:29,237 - SQSQueueHandler - INFO - Deleted message from queue (sdc_aws_s3watcher_dbarrous-bucket_queue)
2022-12-30 14:13:29,258 - SQSQueueHandler - INFO - Deleted message from queue (sdc_aws_s3watcher_dbarrous-bucket_queue)
2022-12-30 14:13:29,280 - SQSQueueHandler - INFO - Deleted message from queue (sdc_aws_s3watcher_dbarrous-bucket_queue)
2022-12-30 14:13:29,300 - SQSQueueHandler - INFO - Deleted message from queue (sdc_aws_s3watcher_dbarrous-bucket_queue)
2022-12-30 14:13:29,322 - SQSQueueHandler - INFO - Deleted message from queue (sdc_aws_s3watcher_dbarrous-bucket_queue)
2022-12-30 14:13:29,345 - SQSQueueHandler - INFO - Deleted message from queue (sdc_aws_s3watcher_dbarrous-bucket_queue)
2022-12-30 14:13:29,369 - SQSQueueHandler - INFO - Deleted message from queue (sdc_aws_s3watcher_dbarrous-bucket_queue)
2022-12-30 14:13:29,392 - SQSQueueHandler - INFO - Deleted message from queue (sdc_aws_s3watcher_dbarrous-bucket_queue)
2022-12-30 14:13:30,221 - SQSQueueHandler - INFO - Deleted message from queue (sdc_aws_s3watcher_dbarrous-bucket_queue)
2022-12-30 14:13:30,248 - SQSQueueHandler - INFO - Deleted message from queue (sdc_aws_s3watcher_dbarrous-bucket_queue)
2022-12-30 14:13:30,278 - SQSQueueHandler - INFO - Deleted message from queue (sdc_aws_s3watcher_dbarrous-bucket_queue)
2022-12-30 14:13:30,305 - SQSQueueHandler - INFO - Deleted message from queue (sdc_aws_s3watcher_dbarrous-bucket_queue)
2022-12-30 14:13:30,331 - SQSQueueHandler - INFO - Deleted message from queue (sdc_aws_s3watcher_dbarrous-bucket_queue)
2022-12-30 14:13:30,370 - SQSQueueHandler - INFO - Deleted message from queue (sdc_aws_s3watcher_dbarrous-bucket_queue)
2022-12-30 14:13:30,394 - SQSQueueHandler - INFO - Deleted message from queue (sdc_aws_s3watcher_dbarrous-bucket_queue)
2022-12-30 14:13:30,415 - SQSQueueHandler - INFO - Deleted message from queue (sdc_aws_s3watcher_dbarrous-bucket_queue)
2022-12-30 14:13:30,437 - SQSQueueHandler - INFO - Deleted message from queue (sdc_aws_s3watcher_dbarrous-bucket_queue)
2022-12-30 14:13:31,218 - SQSQueueHandler - INFO - Deleted message from queue (sdc_aws_s3watcher_dbarrous-bucket_queue)
2022-12-30 14:13:31,240 - SQSQueueHandler - INFO - Deleted message from queue (sdc_aws_s3watcher_dbarrous-bucket_queue)
2022-12-30 14:13:31,262 - SQSQueueHandler - INFO - Deleted message from queue (sdc_aws_s3watcher_dbarrous-bucket_queue)
2022-12-30 14:13:31,284 - SQSQueueHandler - INFO - Deleted message from queue (sdc_aws_s3watcher_dbarrous-bucket_queue)
2022-12-30 14:13:31,305 - SQSQueueHandler - INFO - Deleted message from queue (sdc_aws_s3watcher_dbarrous-bucket_queue)
2022-12-30 14:13:31,327 - SQSQueueHandler - INFO - Deleted message from queue (sdc_aws_s3watcher_dbarrous-bucket_queue)
2022-12-30 14:13:31,349 - SQSQueueHandler - INFO - Deleted message from queue (sdc_aws_s3watcher_dbarrous-bucket_queue)
2022-12-30 14:13:31,374 - SQSQueueHandler - INFO - Deleted message from queue (sdc_aws_s3watcher_dbarrous-bucket_queue)
2022-12-30 14:13:31,396 - SQSQueueHandler - INFO - Deleted message from queue (sdc_aws_s3watcher_dbarrous-bucket_queue)
2022-12-30 14:13:32,229 - SQSQueueHandler - INFO - Deleted message from queue (sdc_aws_s3watcher_dbarrous-bucket_queue)
2022-12-30 14:13:32,253 - SQSQueueHandler - INFO - Deleted message from queue (sdc_aws_s3watcher_dbarrous-bucket_queue)
2022-12-30 14:13:32,356 - SQSQueueHandler - INFO - Deleted message from queue (sdc_aws_s3watcher_dbarrous-bucket_queue)
2022-12-30 14:13:32,387 - SQSQueueHandler - INFO - Deleted message from queue (sdc_aws_s3watcher_dbarrous-bucket_queue)
2022-12-30 14:13:32,408 - SQSQueueHandler - INFO - Deleted message from queue (sdc_aws_s3watcher_dbarrous-bucket_queue)
2022-12-30 14:13:32,428 - SQSQueueHandler - INFO - Deleted message from queue (sdc_aws_s3watcher_dbarrous-bucket_queue)
2022-12-30 14:13:32,449 - SQSQueueHandler - INFO - Deleted message from queue (sdc_aws_s3watcher_dbarrous-bucket_queue)
2022-12-30 14:13:32,468 - SQSQueueHandler - INFO - Deleted message from queue (sdc_aws_s3watcher_dbarrous-bucket_queue)
2022-12-30 14:13:32,487 - SQSQueueHandler - INFO - Deleted message from queue (sdc_aws_s3watcher_dbarrous-bucket_queue)
2022-12-30 14:13:32,507 - SQSQueueHandler - INFO - Deleted message from queue (sdc_aws_s3watcher_dbarrous-bucket_queue)
2022-12-30 14:13:33,218 - SQSQueueHandler - INFO - Deleted message from queue (sdc_aws_s3watcher_dbarrous-bucket_queue)
2022-12-30 14:13:33,238 - SQSQueueHandler - INFO - Deleted message from queue (sdc_aws_s3watcher_dbarrous-bucket_queue)
2022-12-30 14:13:33,257 - SQSQueueHandler - INFO - Deleted message from queue (sdc_aws_s3watcher_dbarrous-bucket_queue)
2022-12-30 14:13:33,275 - SQSQueueHandler - INFO - Deleted message from queue (sdc_aws_s3watcher_dbarrous-bucket_queue)
2022-12-30 14:13:33,295 - SQSQueueHandler - INFO - Deleted message from queue (sdc_aws_s3watcher_dbarrous-bucket_queue)
2022-12-30 14:13:33,314 - SQSQueueHandler - INFO - Deleted message from queue (sdc_aws_s3watcher_dbarrous-bucket_queue)
2022-12-30 14:13:33,332 - SQSQueueHandler - INFO - Deleted message from queue (sdc_aws_s3watcher_dbarrous-bucket_queue)
2022-12-30 14:13:33,352 - SQSQueueHandler - INFO - Deleted message from queue (sdc_aws_s3watcher_dbarrous-bucket_queue)
2022-12-30 14:13:33,372 - SQSQueueHandler - INFO - Deleted message from queue (sdc_aws_s3watcher_dbarrous-bucket_queue)
2022-12-30 14:13:33,392 - SQSQueueHandler - INFO - Deleted message from queue (sdc_aws_s3watcher_dbarrous-bucket_queue)
2022-12-30 14:13:33,392 - SQSQueueHandler - INFO - Downloaded file (HelloCookieCutter1/.git/hooks/pre-merge-commit.sample) from S3 bucket (dbarrous-bucket)
2022-12-30 14:13:34,229 - SQSQueueHandler - INFO - Deleted message from queue (sdc_aws_s3watcher_dbarrous-bucket_queue)
2022-12-30 14:13:34,251 - SQSQueueHandler - INFO - Deleted message from queue (sdc_aws_s3watcher_dbarrous-bucket_queue)
2022-12-30 14:13:34,270 - SQSQueueHandler - INFO - Deleted message from queue (sdc_aws_s3watcher_dbarrous-bucket_queue)
2022-12-30 14:13:34,290 - SQSQueueHandler - INFO - Deleted message from queue (sdc_aws_s3watcher_dbarrous-bucket_queue)
2022-12-30 14:13:34,309 - SQSQueueHandler - INFO - Deleted message from queue (sdc_aws_s3watcher_dbarrous-bucket_queue)
2022-12-30 14:13:34,328 - SQSQueueHandler - INFO - Deleted message from queue (sdc_aws_s3watcher_dbarrous-bucket_queue)
2022-12-30 14:13:34,347 - SQSQueueHandler - INFO - Deleted message from queue (sdc_aws_s3watcher_dbarrous-bucket_queue)
2022-12-30 14:13:34,367 - SQSQueueHandler - INFO - Deleted message from queue (sdc_aws_s3watcher_dbarrous-bucket_queue)
2022-12-30 14:13:34,385 - SQSQueueHandler - INFO - Deleted message from queue (sdc_aws_s3watcher_dbarrous-bucket_queue)
2022-12-30 14:13:35,231 - SQSQueueHandler - INFO - Deleted message from queue (sdc_aws_s3watcher_dbarrous-bucket_queue)
2022-12-30 14:13:35,253 - SQSQueueHandler - INFO - Deleted message from queue (sdc_aws_s3watcher_dbarrous-bucket_queue)
2022-12-30 14:13:35,275 - SQSQueueHandler - INFO - Deleted message from queue (sdc_aws_s3watcher_dbarrous-bucket_queue)
2022-12-30 14:13:35,293 - SQSQueueHandler - INFO - Deleted message from queue (sdc_aws_s3watcher_dbarrous-bucket_queue)
2022-12-30 14:13:35,312 - SQSQueueHandler - INFO - Deleted message from queue (sdc_aws_s3watcher_dbarrous-bucket_queue)
2022-12-30 14:13:35,332 - SQSQueueHandler - INFO - Deleted message from queue (sdc_aws_s3watcher_dbarrous-bucket_queue)
2022-12-30 14:13:35,352 - SQSQueueHandler - INFO - Deleted message from queue (sdc_aws_s3watcher_dbarrous-bucket_queue)
2022-12-30 14:13:35,371 - SQSQueueHandler - INFO - Deleted message from queue (sdc_aws_s3watcher_dbarrous-bucket_queue)
2022-12-30 14:13:35,395 - SQSQueueHandler - INFO - Deleted message from queue (sdc_aws_s3watcher_dbarrous-bucket_queue)
2022-12-30 14:13:35,415 - SQSQueueHandler - INFO - Deleted message from queue (sdc_aws_s3watcher_dbarrous-bucket_queue)
2022-12-30 14:13:36,237 - SQSQueueHandler - INFO - Deleted message from queue (sdc_aws_s3watcher_dbarrous-bucket_queue)
2022-12-30 14:13:36,255 - SQSQueueHandler - INFO - Deleted message from queue (sdc_aws_s3watcher_dbarrous-bucket_queue)
2022-12-30 14:13:36,273 - SQSQueueHandler - INFO - Deleted message from queue (sdc_aws_s3watcher_dbarrous-bucket_queue)
2022-12-30 14:13:36,292 - SQSQueueHandler - INFO - Deleted message from queue (sdc_aws_s3watcher_dbarrous-bucket_queue)
2022-12-30 14:13:36,310 - SQSQueueHandler - INFO - Deleted message from queue (sdc_aws_s3watcher_dbarrous-bucket_queue)
2022-12-30 14:13:36,331 - SQSQueueHandler - INFO - Deleted message from queue (sdc_aws_s3watcher_dbarrous-bucket_queue)
2022-12-30 14:13:36,350 - SQSQueueHandler - INFO - Deleted message from queue (sdc_aws_s3watcher_dbarrous-bucket_queue)
2022-12-30 14:13:36,375 - SQSQueueHandler - INFO - Deleted message from queue (sdc_aws_s3watcher_dbarrous-bucket_queue)
2022-12-30 14:13:36,393 - SQSQueueHandler - INFO - Deleted message from queue (sdc_aws_s3watcher_dbarrous-bucket_queue)
2022-12-30 14:13:37,245 - SQSQueueHandler - INFO - Deleted message from queue (sdc_aws_s3watcher_dbarrous-bucket_queue)
2022-12-30 14:13:37,267 - SQSQueueHandler - INFO - Deleted message from queue (sdc_aws_s3watcher_dbarrous-bucket_queue)
2022-12-30 14:13:37,286 - SQSQueueHandler - INFO - Deleted message from queue (sdc_aws_s3watcher_dbarrous-bucket_queue)
2022-12-30 14:13:37,304 - SQSQueueHandler - INFO - Deleted message from queue (sdc_aws_s3watcher_dbarrous-bucket_queue)
2022-12-30 14:13:37,323 - SQSQueueHandler - INFO - Deleted message from queue (sdc_aws_s3watcher_dbarrous-bucket_queue)
2022-12-30 14:13:37,341 - SQSQueueHandler - INFO - Deleted message from queue (sdc_aws_s3watcher_dbarrous-bucket_queue)
2022-12-30 14:13:37,362 - SQSQueueHandler - INFO - Deleted message from queue (sdc_aws_s3watcher_dbarrous-bucket_queue)
2022-12-30 14:13:37,383 - SQSQueueHandler - INFO - Deleted message from queue (sdc_aws_s3watcher_dbarrous-bucket_queue)
2022-12-30 14:13:37,406 - SQSQueueHandler - INFO - Deleted message from queue (sdc_aws_s3watcher_dbarrous-bucket_queue)
2022-12-30 14:13:38,254 - SQSQueueHandler - INFO - Deleted message from queue (sdc_aws_s3watcher_dbarrous-bucket_queue)
2022-12-30 14:13:38,277 - SQSQueueHandler - INFO - Deleted message from queue (sdc_aws_s3watcher_dbarrous-bucket_queue)
2022-12-30 14:13:38,300 - SQSQueueHandler - INFO - Deleted message from queue (sdc_aws_s3watcher_dbarrous-bucket_queue)
2022-12-30 14:13:38,323 - SQSQueueHandler - INFO - Deleted message from queue (sdc_aws_s3watcher_dbarrous-bucket_queue)
2022-12-30 14:13:38,347 - SQSQueueHandler - INFO - Deleted message from queue (sdc_aws_s3watcher_dbarrous-bucket_queue)
2022-12-30 14:13:38,371 - SQSQueueHandler - INFO - Deleted message from queue (sdc_aws_s3watcher_dbarrous-bucket_queue)
2022-12-30 14:13:38,394 - SQSQueueHandler - INFO - Deleted message from queue (sdc_aws_s3watcher_dbarrous-bucket_queue)
2022-12-30 14:13:38,417 - SQSQueueHandler - INFO - Deleted message from queue (sdc_aws_s3watcher_dbarrous-bucket_queue)
2022-12-30 14:13:38,437 - SQSQueueHandler - INFO - Deleted message from queue (sdc_aws_s3watcher_dbarrous-bucket_queue)
2022-12-30 14:13:38,456 - SQSQueueHandler - INFO - Deleted message from queue (sdc_aws_s3watcher_dbarrous-bucket_queue)
2022-12-30 14:13:39,250 - SQSQueueHandler - INFO - Deleted message from queue (sdc_aws_s3watcher_dbarrous-bucket_queue)
2022-12-30 14:13:39,272 - SQSQueueHandler - INFO - Deleted message from queue (sdc_aws_s3watcher_dbarrous-bucket_queue)
2022-12-30 14:13:39,294 - SQSQueueHandler - INFO - Deleted message from queue (sdc_aws_s3watcher_dbarrous-bucket_queue)
2022-12-30 14:13:39,316 - SQSQueueHandler - INFO - Deleted message from queue (sdc_aws_s3watcher_dbarrous-bucket_queue)
2022-12-30 14:13:39,341 - SQSQueueHandler - INFO - Deleted message from queue (sdc_aws_s3watcher_dbarrous-bucket_queue)
2022-12-30 14:13:39,373 - SQSQueueHandler - INFO - Deleted message from queue (sdc_aws_s3watcher_dbarrous-bucket_queue)
2022-12-30 14:13:39,391 - SQSQueueHandler - INFO - Deleted message from queue (sdc_aws_s3watcher_dbarrous-bucket_queue)
2022-12-30 14:13:39,410 - SQSQueueHandler - INFO - Deleted message from queue (sdc_aws_s3watcher_dbarrous-bucket_queue)
2022-12-30 14:13:39,520 - SQSQueueHandler - INFO - Deleted message from queue (sdc_aws_s3watcher_dbarrous-bucket_queue)
2022-12-30 14:13:40,258 - SQSQueueHandler - INFO - Deleted message from queue (sdc_aws_s3watcher_dbarrous-bucket_queue)
2022-12-30 14:13:40,278 - SQSQueueHandler - INFO - Deleted message from queue (sdc_aws_s3watcher_dbarrous-bucket_queue)
2022-12-30 14:13:40,298 - SQSQueueHandler - INFO - Deleted message from queue (sdc_aws_s3watcher_dbarrous-bucket_queue)
2022-12-30 14:13:40,323 - SQSQueueHandler - INFO - Deleted message from queue (sdc_aws_s3watcher_dbarrous-bucket_queue)
2022-12-30 14:13:40,347 - SQSQueueHandler - INFO - Deleted message from queue (sdc_aws_s3watcher_dbarrous-bucket_queue)
2022-12-30 14:13:40,372 - SQSQueueHandler - INFO - Deleted message from queue (sdc_aws_s3watcher_dbarrous-bucket_queue)
2022-12-30 14:13:40,396 - SQSQueueHandler - INFO - Deleted message from queue (sdc_aws_s3watcher_dbarrous-bucket_queue)
2022-12-30 14:13:40,420 - SQSQueueHandler - INFO - Deleted message from queue (sdc_aws_s3watcher_dbarrous-bucket_queue)
2022-12-30 14:13:40,444 - SQSQueueHandler - INFO - Deleted message from queue (sdc_aws_s3watcher_dbarrous-bucket_queue)
2022-12-30 14:13:40,469 - SQSQueueHandler - INFO - Deleted message from queue (sdc_aws_s3watcher_dbarrous-bucket_queue)
2022-12-30 14:13:41,266 - SQSQueueHandler - INFO - Deleted message from queue (sdc_aws_s3watcher_dbarrous-bucket_queue)
2022-12-30 14:13:41,289 - SQSQueueHandler - INFO - Deleted message from queue (sdc_aws_s3watcher_dbarrous-bucket_queue)
2022-12-30 14:13:41,310 - SQSQueueHandler - INFO - Deleted message from queue (sdc_aws_s3watcher_dbarrous-bucket_queue)
2022-12-30 14:13:41,330 - SQSQueueHandler - INFO - Deleted message from queue (sdc_aws_s3watcher_dbarrous-bucket_queue)
2022-12-30 14:13:41,349 - SQSQueueHandler - INFO - Deleted message from queue (sdc_aws_s3watcher_dbarrous-bucket_queue)
2022-12-30 14:13:41,368 - SQSQueueHandler - INFO - Deleted message from queue (sdc_aws_s3watcher_dbarrous-bucket_queue)
2022-12-30 14:13:41,388 - SQSQueueHandler - INFO - Deleted message from queue (sdc_aws_s3watcher_dbarrous-bucket_queue)
2022-12-30 14:13:41,407 - SQSQueueHandler - INFO - Deleted message from queue (sdc_aws_s3watcher_dbarrous-bucket_queue)
2022-12-30 14:13:41,428 - SQSQueueHandler - INFO - Deleted message from queue (sdc_aws_s3watcher_dbarrous-bucket_queue)
2022-12-30 14:13:42,277 - SQSQueueHandler - INFO - Deleted message from queue (sdc_aws_s3watcher_dbarrous-bucket_queue)
2022-12-30 14:13:42,303 - SQSQueueHandler - INFO - Deleted message from queue (sdc_aws_s3watcher_dbarrous-bucket_queue)
2022-12-30 14:13:42,327 - SQSQueueHandler - INFO - Deleted message from queue (sdc_aws_s3watcher_dbarrous-bucket_queue)
2022-12-30 14:13:42,352 - SQSQueueHandler - INFO - Deleted message from queue (sdc_aws_s3watcher_dbarrous-bucket_queue)
2022-12-30 14:13:42,373 - SQSQueueHandler - INFO - Deleted message from queue (sdc_aws_s3watcher_dbarrous-bucket_queue)
2022-12-30 14:13:42,394 - SQSQueueHandler - INFO - Deleted message from queue (sdc_aws_s3watcher_dbarrous-bucket_queue)
2022-12-30 14:13:42,413 - SQSQueueHandler - INFO - Deleted message from queue (sdc_aws_s3watcher_dbarrous-bucket_queue)
2022-12-30 14:13:42,433 - SQSQueueHandler - INFO - Deleted message from queue (sdc_aws_s3watcher_dbarrous-bucket_queue)
2022-12-30 14:13:42,457 - SQSQueueHandler - INFO - Deleted message from queue (sdc_aws_s3watcher_dbarrous-bucket_queue)
2022-12-30 14:13:43,280 - SQSQueueHandler - INFO - Deleted message from queue (sdc_aws_s3watcher_dbarrous-bucket_queue)
2022-12-30 14:13:43,303 - SQSQueueHandler - INFO - Deleted message from queue (sdc_aws_s3watcher_dbarrous-bucket_queue)
2022-12-30 14:13:43,323 - SQSQueueHandler - INFO - Deleted message from queue (sdc_aws_s3watcher_dbarrous-bucket_queue)
2022-12-30 14:13:43,342 - SQSQueueHandler - INFO - Deleted message from queue (sdc_aws_s3watcher_dbarrous-bucket_queue)
2022-12-30 14:13:43,362 - SQSQueueHandler - INFO - Deleted message from queue (sdc_aws_s3watcher_dbarrous-bucket_queue)
2022-12-30 14:13:43,382 - SQSQueueHandler - INFO - Deleted message from queue (sdc_aws_s3watcher_dbarrous-bucket_queue)
2022-12-30 14:13:43,401 - SQSQueueHandler - INFO - Deleted message from queue (sdc_aws_s3watcher_dbarrous-bucket_queue)
2022-12-30 14:13:43,422 - SQSQueueHandler - INFO - Deleted message from queue (sdc_aws_s3watcher_dbarrous-bucket_queue)
2022-12-30 14:13:43,441 - SQSQueueHandler - INFO - Deleted message from queue (sdc_aws_s3watcher_dbarrous-bucket_queue)
2022-12-30 14:13:43,466 - SQSQueueHandler - INFO - Deleted message from queue (sdc_aws_s3watcher_dbarrous-bucket_queue)
2022-12-30 14:13:43,466 - SQSQueueHandler - INFO - Downloaded file (HelloCookieCutter1/.git/config) from S3 bucket (dbarrous-bucket)
2022-12-30 14:13:43,468 - SQSQueueHandler - INFO - Downloaded file (HelloCookieCutter1/.git/index) from S3 bucket (dbarrous-bucket)
2022-12-30 14:13:44,274 - SQSQueueHandler - INFO - Deleted message from queue (sdc_aws_s3watcher_dbarrous-bucket_queue)
2022-12-30 14:13:44,293 - SQSQueueHandler - INFO - Deleted message from queue (sdc_aws_s3watcher_dbarrous-bucket_queue)
2022-12-30 14:13:44,312 - SQSQueueHandler - INFO - Deleted message from queue (sdc_aws_s3watcher_dbarrous-bucket_queue)
2022-12-30 14:13:44,332 - SQSQueueHandler - INFO - Deleted message from queue (sdc_aws_s3watcher_dbarrous-bucket_queue)
2022-12-30 14:13:44,352 - SQSQueueHandler - INFO - Deleted message from queue (sdc_aws_s3watcher_dbarrous-bucket_queue)
2022-12-30 14:13:44,372 - SQSQueueHandler - INFO - Deleted message from queue (sdc_aws_s3watcher_dbarrous-bucket_queue)
2022-12-30 14:13:44,391 - SQSQueueHandler - INFO - Deleted message from queue (sdc_aws_s3watcher_dbarrous-bucket_queue)
2022-12-30 14:13:44,411 - SQSQueueHandler - INFO - Deleted message from queue (sdc_aws_s3watcher_dbarrous-bucket_queue)
2022-12-30 14:13:44,430 - SQSQueueHandler - INFO - Deleted message from queue (sdc_aws_s3watcher_dbarrous-bucket_queue)
2022-12-30 14:13:45,276 - SQSQueueHandler - INFO - Deleted message from queue (sdc_aws_s3watcher_dbarrous-bucket_queue)
2022-12-30 14:13:45,296 - SQSQueueHandler - INFO - Deleted message from queue (sdc_aws_s3watcher_dbarrous-bucket_queue)
2022-12-30 14:13:45,315 - SQSQueueHandler - INFO - Deleted message from queue (sdc_aws_s3watcher_dbarrous-bucket_queue)
2022-12-30 14:13:45,336 - SQSQueueHandler - INFO - Deleted message from queue (sdc_aws_s3watcher_dbarrous-bucket_queue)
2022-12-30 14:13:45,354 - SQSQueueHandler - INFO - Deleted message from queue (sdc_aws_s3watcher_dbarrous-bucket_queue)
2022-12-30 14:13:45,374 - SQSQueueHandler - INFO - Deleted message from queue (sdc_aws_s3watcher_dbarrous-bucket_queue)
2022-12-30 14:13:45,395 - SQSQueueHandler - INFO - Deleted message from queue (sdc_aws_s3watcher_dbarrous-bucket_queue)
2022-12-30 14:13:45,413 - SQSQueueHandler - INFO - Deleted message from queue (sdc_aws_s3watcher_dbarrous-bucket_queue)
2022-12-30 14:13:45,433 - SQSQueueHandler - INFO - Deleted message from queue (sdc_aws_s3watcher_dbarrous-bucket_queue)
2022-12-30 14:13:46,285 - SQSQueueHandler - INFO - Deleted message from queue (sdc_aws_s3watcher_dbarrous-bucket_queue)
2022-12-30 14:13:46,304 - SQSQueueHandler - INFO - Deleted message from queue (sdc_aws_s3watcher_dbarrous-bucket_queue)
2022-12-30 14:13:46,325 - SQSQueueHandler - INFO - Deleted message from queue (sdc_aws_s3watcher_dbarrous-bucket_queue)
2022-12-30 14:13:46,344 - SQSQueueHandler - INFO - Deleted message from queue (sdc_aws_s3watcher_dbarrous-bucket_queue)
2022-12-30 14:13:46,363 - SQSQueueHandler - INFO - Deleted message from queue (sdc_aws_s3watcher_dbarrous-bucket_queue)
2022-12-30 14:13:46,383 - SQSQueueHandler - INFO - Deleted message from queue (sdc_aws_s3watcher_dbarrous-bucket_queue)
2022-12-30 14:13:46,401 - SQSQueueHandler - INFO - Deleted message from queue (sdc_aws_s3watcher_dbarrous-bucket_queue)
2022-12-30 14:13:46,420 - SQSQueueHandler - INFO - Deleted message from queue (sdc_aws_s3watcher_dbarrous-bucket_queue)
2022-12-30 14:13:46,439 - SQSQueueHandler - INFO - Deleted message from queue (sdc_aws_s3watcher_dbarrous-bucket_queue)
2022-12-30 14:13:46,458 - SQSQueueHandler - INFO - Deleted message from queue (sdc_aws_s3watcher_dbarrous-bucket_queue)
2022-12-30 14:13:47,290 - SQSQueueHandler - INFO - Deleted message from queue (sdc_aws_s3watcher_dbarrous-bucket_queue)
2022-12-30 14:13:47,313 - SQSQueueHandler - INFO - Deleted message from queue (sdc_aws_s3watcher_dbarrous-bucket_queue)
2022-12-30 14:13:47,347 - SQSQueueHandler - INFO - Deleted message from queue (sdc_aws_s3watcher_dbarrous-bucket_queue)
2022-12-30 14:13:47,374 - SQSQueueHandler - INFO - Deleted message from queue (sdc_aws_s3watcher_dbarrous-bucket_queue)
2022-12-30 14:13:47,396 - SQSQueueHandler - INFO - Deleted message from queue (sdc_aws_s3watcher_dbarrous-bucket_queue)
2022-12-30 14:13:47,528 - SQSQueueHandler - INFO - Deleted message from queue (sdc_aws_s3watcher_dbarrous-bucket_queue)
2022-12-30 14:13:47,554 - SQSQueueHandler - INFO - Deleted message from queue (sdc_aws_s3watcher_dbarrous-bucket_queue)
2022-12-30 14:13:47,578 - SQSQueueHandler - INFO - Deleted message from queue (sdc_aws_s3watcher_dbarrous-bucket_queue)
2022-12-30 14:13:47,603 - SQSQueueHandler - INFO - Deleted message from queue (sdc_aws_s3watcher_dbarrous-bucket_queue)
2022-12-30 14:13:48,306 - SQSQueueHandler - INFO - Deleted message from queue (sdc_aws_s3watcher_dbarrous-bucket_queue)
2022-12-30 14:13:48,329 - SQSQueueHandler - INFO - Deleted message from queue (sdc_aws_s3watcher_dbarrous-bucket_queue)
2022-12-30 14:13:48,359 - SQSQueueHandler - INFO - Deleted message from queue (sdc_aws_s3watcher_dbarrous-bucket_queue)
2022-12-30 14:13:48,382 - SQSQueueHandler - INFO - Deleted message from queue (sdc_aws_s3watcher_dbarrous-bucket_queue)
2022-12-30 14:13:48,407 - SQSQueueHandler - INFO - Deleted message from queue (sdc_aws_s3watcher_dbarrous-bucket_queue)
2022-12-30 14:13:48,430 - SQSQueueHandler - INFO - Deleted message from queue (sdc_aws_s3watcher_dbarrous-bucket_queue)
2022-12-30 14:13:48,454 - SQSQueueHandler - INFO - Deleted message from queue (sdc_aws_s3watcher_dbarrous-bucket_queue)
2022-12-30 14:13:48,477 - SQSQueueHandler - INFO - Deleted message from queue (sdc_aws_s3watcher_dbarrous-bucket_queue)
2022-12-30 14:13:48,500 - SQSQueueHandler - INFO - Deleted message from queue (sdc_aws_s3watcher_dbarrous-bucket_queue)
2022-12-30 14:13:48,521 - SQSQueueHandler - INFO - Deleted message from queue (sdc_aws_s3watcher_dbarrous-bucket_queue)
